<?xml version="1.0" encoding="UTF-8"?>
<testng-results ignored="0" total="2" passed="2" failed="0" skipped="0">
  <reporter-output>
    <line>
      <![CDATA[this is string]]>
    </line>
    <line>
      <![CDATA[this is string]]>
    </line>
  </reporter-output>
  <suite started-at="2021-03-10T18:38:33 IST" name="Default suite" finished-at="2021-03-10T18:38:39 IST" duration-ms="6457">
    <groups>
    </groups>
    <test started-at="2021-03-10T18:38:33 IST" name="Default test" finished-at="2021-03-10T18:38:39 IST" duration-ms="6457">
      <class name="com.stepGeneratorclass.Bdd_assi10">
        <test-method signature="f(java.lang.String)[pri:0, instance:com.stepGeneratorclass.Bdd_assi10@1b1426f4]" started-at="2021-03-10T18:38:33 IST" name="f" data-provider="dp" finished-at="2021-03-10T18:38:38 IST" duration-ms="5667" status="PASS">
          <params>
            <param index="0">
              <value>
                <![CDATA[2009-04-27]]>
              </value>
            </param>
          </params>
          <reporter-output>
            <line>
              <![CDATA[this is string]]>
            </line>
          </reporter-output>
        </test-method> <!-- f -->
        <test-method signature="f(java.lang.String)[pri:0, instance:com.stepGeneratorclass.Bdd_assi10@1b1426f4]" started-at="2021-03-10T18:38:38 IST" name="f" data-provider="dp" finished-at="2021-03-10T18:38:39 IST" duration-ms="710" status="PASS">
          <params>
            <param index="0">
              <value>
                <![CDATA[2010-03-27]]>
              </value>
            </param>
          </params>
          <reporter-output>
            <line>
              <![CDATA[this is string]]>
            </line>
          </reporter-output>
        </test-method> <!-- f -->
      </class> <!-- com.stepGeneratorclass.Bdd_assi10 -->
    </test> <!-- Default test -->
  </suite> <!-- Default suite -->
</testng-results>
